#
# There is insufficient memory for the Java Runtime Environment to continue.
# Native memory allocation (malloc) failed to allocate 630016 bytes for Chunk::new
# Possible reasons:
#   The system is out of physical RAM or swap space
#   The process is running with CompressedOops enabled, and the Java Heap may be blocking the growth of the native heap
# Possible solutions:
#   Reduce memory load on the system
#   Increase physical memory or swap space
#   Check if swap backing store is full
#   Decrease Java heap size (-Xmx/-Xms)
#   Decrease number of Java threads
#   Decrease Java thread stack sizes (-Xss)
#   Set larger code cache with -XX:ReservedCodeCacheSize=
#   JVM is running with Unscaled Compressed Oops mode in which the Java heap is
#     placed in the first 4GB address space. The Java Heap base address is the
#     maximum limit for the native heap growth. Please use -XX:HeapBaseMinAddress
#     to set the Java Heap base and to place the Java Heap above 4GB virtual address.
# This output file may be truncated or incomplete.
#
#  Out of Memory Error (allocation.cpp:389), pid=5560, tid=0x0000000000000e6c
#
# JRE version: OpenJDK Runtime Environment (8.0_212-b04) (build 1.8.0_212-release-1586-b04)
# Java VM: OpenJDK 64-Bit Server VM (25.212-b04 mixed mode windows-amd64 compressed oops)
# Failed to write core dump. Minidumps are not enabled by default on client versions of Windows
#

---------------  T H R E A D  ---------------

Current thread (0x00000000168cd000):  JavaThread "C2 CompilerThread0" daemon [_thread_in_native, id=3692, stack(0x0000000017f20000,0x0000000018020000)]

Stack: [0x0000000017f20000,0x0000000018020000]
[error occurred during error reporting (printing stack bounds), id 0xc0000005]

Native frames: (J=compiled Java code, j=interpreted, Vv=VM code, C=native code)


Current CompileTask:
C2:21440339 33737       4       com.android.tools.r8.ir.optimize.k::a (389 bytes)


---------------  P R O C E S S  ---------------

Java Threads: ( => current thread )
  0x000000001a7b3000 JavaThread "WorkerExecutor Queue Thread 5" [_thread_blocked, id=7912, stack(0x00000000522e0000,0x00000000523e0000)]
  0x000000001a7af000 JavaThread "WorkerExecutor Queue Thread 4" [_thread_blocked, id=5108, stack(0x00000000521e0000,0x00000000522e0000)]
  0x000000001a7aa800 JavaThread "WorkerExecutor Queue Thread 3" [_thread_blocked, id=2564, stack(0x00000000520e0000,0x00000000521e0000)]
  0x000000001f24a000 JavaThread "Cache worker for Java compile cache (D:\Android\vanda\.gradle\5.6.4\javaCompile)" [_thread_blocked, id=5380, stack(0x0000000051fe0000,0x00000000520e0000)]
  0x000000001f248800 JavaThread "WorkerExecutor Queue Thread 2" [_thread_in_vm, id=4136, stack(0x0000000051ee0000,0x0000000051fe0000)]
  0x000000001f23f800 JavaThread "stdout" [_thread_in_native, id=7040, stack(0x0000000051de0000,0x0000000051ee0000)]
  0x000000001f242000 JavaThread "stderr" [_thread_in_native, id=8140, stack(0x0000000051ce0000,0x0000000051de0000)]
  0x000000001f245800 JavaThread "pool-58-thread-1" [_thread_blocked, id=8264, stack(0x0000000051be0000,0x0000000051ce0000)]
  0x000000001f23f000 JavaThread "WorkerExecutor Queue" [_thread_in_Java, id=3872, stack(0x0000000051ae0000,0x0000000051be0000)]
  0x000000001f23e000 JavaThread "Cache worker for execution history cache (D:\Android\vanda\.gradle\5.6.4\executionHistory)" [_thread_blocked, id=6844, stack(0x00000000519e0000,0x0000000051ae0000)]
  0x000000001f240800 JavaThread "Execution worker for ':' Thread 3" [_thread_blocked, id=6692, stack(0x00000000518e0000,0x00000000519e0000)]
  0x000000001f245000 JavaThread "Execution worker for ':' Thread 2" [_thread_blocked, id=5392, stack(0x00000000517e0000,0x00000000518e0000)]
  0x00000000285aa800 JavaThread "Execution worker for ':'" [_thread_blocked, id=9684, stack(0x00000000516e0000,0x00000000517e0000)]
  0x00000000285af000 JavaThread "Cache worker for file content cache (D:\Android\vanda\.gradle\5.6.4\fileContent)" [_thread_blocked, id=2096, stack(0x00000000515e0000,0x00000000516e0000)]
  0x00000000285ad800 JavaThread "Cache worker for Build Output Cleanup Cache (D:\Android\vanda\.gradle\buildOutputCleanup)" [_thread_blocked, id=3396, stack(0x00000000514e0000,0x00000000515e0000)]
  0x00000000285a9800 JavaThread "pool-57-thread-1" [_thread_blocked, id=12252, stack(0x00000000513e0000,0x00000000514e0000)]
  0x00000000285ae000 JavaThread "Build operations Thread 4" [_thread_blocked, id=6644, stack(0x00000000512e0000,0x00000000513e0000)]
  0x00000000285ac800 JavaThread "Build operations Thread 3" [_thread_blocked, id=3680, stack(0x00000000511e0000,0x00000000512e0000)]
  0x00000000285ab000 JavaThread "Build operations Thread 2" [_thread_blocked, id=10064, stack(0x00000000510e0000,0x00000000511e0000)]
  0x00000000285a2000 JavaThread "Build operations" [_thread_blocked, id=2324, stack(0x0000000050fe0000,0x00000000510e0000)]
  0x00000000285a9000 JavaThread "Cache worker for cache directory md-rule (C:\Users\admin\.gradle\caches\5.6.4\md-rule)" [_thread_blocked, id=4840, stack(0x0000000050ee0000,0x0000000050fe0000)]
  0x00000000285a1800 JavaThread "Cache worker for cache directory md-supplier (C:\Users\admin\.gradle\caches\5.6.4\md-supplier)" [_thread_blocked, id=2468, stack(0x0000000050de0000,0x0000000050ee0000)]
  0x00000000285a8000 JavaThread "Cache worker for file hash cache (D:\Android\vanda\.gradle\5.6.4\fileHashes)" [_thread_blocked, id=11640, stack(0x0000000050ce0000,0x0000000050de0000)]
  0x00000000285a0800 JavaThread "Thread-473" [_thread_blocked, id=11040, stack(0x0000000050be0000,0x0000000050ce0000)]
  0x00000000285a5000 JavaThread "Stdin handler" [_thread_blocked, id=4592, stack(0x0000000050ae0000,0x0000000050be0000)]
  0x00000000285a4800 JavaThread "Asynchronous log dispatcher for DefaultDaemonConnection: socket connection from /127.0.0.1:7219 to /127.0.0.1:10622" [_thread_blocked, id=844, stack(0x00000000509e0000,0x0000000050ae0000)]
  0x00000000285a7800 JavaThread "Daemon worker Thread 15" [_thread_blocked, id=11136, stack(0x00000000508e0000,0x00000000509e0000)]
  0x00000000285a0000 JavaThread "Cancel handler" [_thread_blocked, id=4944, stack(0x00000000507e0000,0x00000000508e0000)]
  0x00000000285a3800 JavaThread "Handler for socket connection from /127.0.0.1:7219 to /127.0.0.1:10622" [_thread_in_native, id=5492, stack(0x00000000506e0000,0x00000000507e0000)]
  0x00000000285a6000 JavaThread "Daemon Thread 15" [_thread_blocked, id=11984, stack(0x00000000505e0000,0x00000000506e0000)]
  0x000000001cd1d800 JavaThread "Cache worker for Java compile cache (C:\Users\admin\.gradle\caches\5.6.4\javaCompile)" [_thread_blocked, id=1444, stack(0x0000000028fc0000,0x00000000290c0000)]
  0x000000001a7b6000 JavaThread "Cache worker for file content cache (C:\Users\admin\.gradle\caches\5.6.4\fileContent)" [_thread_blocked, id=5828, stack(0x0000000024590000,0x0000000024690000)]
  0x000000001a7aa000 JavaThread "Memory manager" [_thread_blocked, id=2392, stack(0x0000000024490000,0x0000000024590000)]
  0x000000001a7ae800 JavaThread "Cache worker for execution history cache (C:\Users\admin\.gradle\caches\5.6.4\executionHistory)" [_thread_blocked, id=2104, stack(0x0000000020b20000,0x0000000020c20000)]
  0x000000001a42d000 JavaThread "Cache worker for journal cache (C:\Users\admin\.gradle\caches\journal-1)" [_thread_blocked, id=11280, stack(0x000000001c640000,0x000000001c740000)]
  0x000000001a433000 JavaThread "File lock request listener" [_thread_in_native, id=1148, stack(0x000000001c540000,0x000000001c640000)]
  0x000000001a42e000 JavaThread "Cache worker for file hash cache (C:\Users\admin\.gradle\caches\5.6.4\fileHashes)" [_thread_blocked, id=9648, stack(0x000000001c240000,0x000000001c340000)]
  0x000000001a23e000 JavaThread "Daemon periodic checks" [_thread_blocked, id=5688, stack(0x000000001b840000,0x000000001b940000)]
  0x000000001a230800 JavaThread "Incoming local TCP Connector on port 7219" [_thread_in_native, id=9620, stack(0x000000001b600000,0x000000001b700000)]
  0x000000001a14c800 JavaThread "Daemon health stats" [_thread_blocked, id=3932, stack(0x000000001afc0000,0x000000001b0c0000)]
  0x0000000018250800 JavaThread "Service Thread" daemon [_thread_blocked, id=10496, stack(0x0000000018620000,0x0000000018720000)]
  0x00000000168d8000 JavaThread "C1 CompilerThread2" daemon [_thread_in_vm, id=8860, stack(0x0000000018120000,0x0000000018220000)]
  0x00000000168d1800 JavaThread "C2 CompilerThread1" daemon [_thread_in_native, id=5424, stack(0x0000000018020000,0x0000000018120000)]
=>0x00000000168cd000 JavaThread "C2 CompilerThread0" daemon [_thread_in_native, id=3692, stack(0x0000000017f20000,0x0000000018020000)]
  0x00000000168d7000 JavaThread "Attach Listener" daemon [_thread_blocked, id=1040, stack(0x0000000017e20000,0x0000000017f20000)]
  0x00000000168d6000 JavaThread "Signal Dispatcher" daemon [_thread_blocked, id=3108, stack(0x0000000017d20000,0x0000000017e20000)]
  0x0000000002e0b000 JavaThread "Finalizer" daemon [_thread_blocked, id=1260, stack(0x0000000017b20000,0x0000000017c20000)]
  0x00000000168b9000 JavaThread "Reference Handler" daemon [_thread_blocked, id=5976, stack(0x0000000017a20000,0x0000000017b20000)]
  0x000000000305e800 JavaThread "main" [_thread_blocked, id=9996, stack(0x0000000001440000,0x0000000001540000)]

Other Threads:
  0x0000000016896800 VMThread [stack: 0x0000000017920000,0x0000000017a20000] [id=8736]
  0x00000000168e9800 WatcherThread [stack: 0x0000000018720000,0x0000000018820000] [id=9644]

VM state:not at safepoint (normal execution)

VM Mutex/Monitor currently owned by a thread: None

OutOfMemory and StackOverflow Exception counts:
OutOfMemoryError java_heap_errors=1

heap address: 0x00000000a0000000, size: 1536 MB, Compressed Oops mode: 32-bit
Narrow klass base: 0x0000000000000000, Narrow klass shift: 3
Compressed class space size: 1073741824 Address: 0x0000000100000000

Heap:
 PSYoungGen      total 400896K, used 240112K [0x00000000e0000000, 0x0000000100000000, 0x0000000100000000)
  eden space 279552K, 75% used [0x00000000e0000000,0x00000000ecd6d018,0x00000000f1100000)
  from space 121344K, 24% used [0x00000000f8300000,0x00000000fa00f0b0,0x00000000ff980000)
  to   space 116736K, 0% used [0x00000000f1100000,0x00000000f1100000,0x00000000f8300000)
 ParOldGen       total 256000K, used 102465K [0x00000000a0000000, 0x00000000afa00000, 0x00000000e0000000)
  object space 256000K, 40% used [0x00000000a0000000,0x00000000a6410410,0x00000000afa00000)
 Metaspace       used 153230K, capacity 161784K, committed 187432K, reserved 1210368K
  class space    used 19566K, capacity 21172K, committed 26152K, reserved 1048576K

Card table byte_map: [0x0000000012420000,0x0000000012730000] byte_map_base: 0x0000000011f20000

Marking Bits: (ParMarkBitMap*) 0x0000000053b09f30
 Begin Bits: [0x0000000012c30000, 0x0000000014430000)
 End Bits:   [0x0000000014430000, 0x0000000015c30000)

Polling page: 0x0000000000bf0000

CodeCache: size=245760Kb used=89223Kb max_used=89223Kb free=156536Kb
 bounds [0x0000000003060000, 0x0000000008810000, 0x0000000012060000]
 total_blobs=25725 nmethods=24788 adapters=848
 compilation: enabled

Compilation events (10 events):
Event: 21440.305 Thread 0x00000000168d8000 33790       3       com.android.tools.r8.graph.s0$b::a (58 bytes)
Event: 21440.306 Thread 0x00000000168d8000 nmethod 33790 0x00000000087fb910 code [0x00000000087fbb00, 0x00000000087fc3b8]
Event: 21440.306 Thread 0x00000000168d8000 33791       3       com.android.tools.r8.B.a.a.h::<init> (69 bytes)
Event: 21440.307 Thread 0x00000000168d8000 nmethod 33791 0x00000000087fc850 code [0x00000000087fca40, 0x00000000087fd3b8]
Event: 21440.308 Thread 0x00000000168d8000 33793       3       com.android.tools.r8.graph.E0::j (8 bytes)
Event: 21440.309 Thread 0x00000000168d8000 nmethod 33793 0x00000000087fd7d0 code [0x00000000087fd940, 0x00000000087fdc68]
Event: 21440.309 Thread 0x00000000168d8000 33794       3       com.android.tools.r8.graph.E0::c (8 bytes)
Event: 21440.309 Thread 0x00000000168d8000 nmethod 33794 0x00000000087fdd90 code [0x00000000087fdf00, 0x00000000087fe228]
Event: 21440.309 Thread 0x00000000168d8000 33795       3       com.android.tools.r8.graph.E0::g (8 bytes)
Event: 21440.310 Thread 0x00000000168d8000 nmethod 33795 0x00000000087fe350 code [0x00000000087fe4c0, 0x00000000087fe7e8]

GC Heap History (10 events):
Event: 21164.010 GC heap before
{Heap before GC invocations=49 (full 7):
 PSYoungGen      total 401408K, used 300663K [0x00000000e0000000, 0x0000000100000000, 0x0000000100000000)
  eden space 278528K, 100% used [0x00000000e0000000,0x00000000f1000000,0x00000000f1000000)
  from space 122880K, 18% used [0x00000000f1000000,0x00000000f259de10,0x00000000f8800000)
  to   space 121344K, 0% used [0x00000000f8980000,0x00000000f8980000,0x0000000100000000)
 ParOldGen       total 256000K, used 99933K [0x00000000a0000000, 0x00000000afa00000, 0x00000000e0000000)
  object space 256000K, 39% used [0x00000000a0000000,0x00000000a6197700,0x00000000afa00000)
 Metaspace       used 151345K, capacity 159540K, committed 187432K, reserved 1210368K
  class space    used 19474K, capacity 20996K, committed 26152K, reserved 1048576K
Event: 21164.063 GC heap after
Heap after GC invocations=49 (full 7):
 PSYoungGen      total 392704K, used 30452K [0x00000000e0000000, 0x00000000ff780000, 0x0000000100000000)
  eden space 280064K, 0% used [0x00000000e0000000,0x00000000e0000000,0x00000000f1180000)
  from space 112640K, 27% used [0x00000000f8980000,0x00000000fa73d360,0x00000000ff780000)
  to   space 117760K, 0% used [0x00000000f1180000,0x00000000f1180000,0x00000000f8480000)
 ParOldGen       total 256000K, used 99941K [0x00000000a0000000, 0x00000000afa00000, 0x00000000e0000000)
  object space 256000K, 39% used [0x00000000a0000000,0x00000000a6199700,0x00000000afa00000)
 Metaspace       used 151345K, capacity 159540K, committed 187432K, reserved 1210368K
  class space    used 19474K, capacity 20996K, committed 26152K, reserved 1048576K
}
Event: 21167.096 GC heap before
{Heap before GC invocations=50 (full 7):
 PSYoungGen      total 392704K, used 310516K [0x00000000e0000000, 0x00000000ff780000, 0x0000000100000000)
  eden space 280064K, 100% used [0x00000000e0000000,0x00000000f1180000,0x00000000f1180000)
  from space 112640K, 27% used [0x00000000f8980000,0x00000000fa73d360,0x00000000ff780000)
  to   space 117760K, 0% used [0x00000000f1180000,0x00000000f1180000,0x00000000f8480000)
 ParOldGen       total 256000K, used 99941K [0x00000000a0000000, 0x00000000afa00000, 0x00000000e0000000)
  object space 256000K, 39% used [0x00000000a0000000,0x00000000a6199700,0x00000000afa00000)
 Metaspace       used 152401K, capacity 160650K, committed 187432K, reserved 1210368K
  class space    used 19504K, capacity 21005K, committed 26152K, reserved 1048576K
Event: 21167.743 GC heap after
Heap after GC invocations=50 (full 7):
 PSYoungGen      total 397824K, used 90150K [0x00000000e0000000, 0x0000000100000000, 0x0000000100000000)
  eden space 280064K, 0% used [0x00000000e0000000,0x00000000e0000000,0x00000000f1180000)
  from space 117760K, 76% used [0x00000000f1180000,0x00000000f69898a8,0x00000000f8480000)
  to   space 126464K, 0% used [0x00000000f8480000,0x00000000f8480000,0x0000000100000000)
 ParOldGen       total 256000K, used 99949K [0x00000000a0000000, 0x00000000afa00000, 0x00000000e0000000)
  object space 256000K, 39% used [0x00000000a0000000,0x00000000a619b700,0x00000000afa00000)
 Metaspace       used 152401K, capacity 160650K, committed 187432K, reserved 1210368K
  class space    used 19504K, capacity 21005K, committed 26152K, reserved 1048576K
}
Event: 21270.412 GC heap before
{Heap before GC invocations=51 (full 7):
 PSYoungGen      total 397824K, used 366658K [0x00000000e0000000, 0x0000000100000000, 0x0000000100000000)
  eden space 280064K, 98% used [0x00000000e0000000,0x00000000f0e07120,0x00000000f1180000)
  from space 117760K, 76% used [0x00000000f1180000,0x00000000f69898a8,0x00000000f8480000)
  to   space 126464K, 0% used [0x00000000f8480000,0x00000000f8480000,0x0000000100000000)
 ParOldGen       total 256000K, used 99949K [0x00000000a0000000, 0x00000000afa00000, 0x00000000e0000000)
  object space 256000K, 39% used [0x00000000a0000000,0x00000000a619b700,0x00000000afa00000)
 Metaspace       used 152720K, capacity 160894K, committed 187432K, reserved 1210368K
  class space    used 19512K, capacity 21015K, committed 26152K, reserved 1048576K
Event: 21270.512 GC heap after
Heap after GC invocations=51 (full 7):
 PSYoungGen      total 401408K, used 28099K [0x00000000e0000000, 0x0000000100000000, 0x0000000100000000)
  eden space 274944K, 0% used [0x00000000e0000000,0x00000000e0000000,0x00000000f0c80000)
  from space 126464K, 22% used [0x00000000f8480000,0x00000000f9ff0f88,0x0000000100000000)
  to   space 122880K, 0% used [0x00000000f0c80000,0x00000000f0c80000,0x00000000f8480000)
 ParOldGen       total 256000K, used 99957K [0x00000000a0000000, 0x00000000afa00000, 0x00000000e0000000)
  object space 256000K, 39% used [0x00000000a0000000,0x00000000a619d700,0x00000000afa00000)
 Metaspace       used 152720K, capacity 160894K, committed 187432K, reserved 1210368K
  class space    used 19512K, capacity 21015K, committed 26152K, reserved 1048576K
}
Event: 21271.901 GC heap before
{Heap before GC invocations=52 (full 7):
 PSYoungGen      total 401408K, used 299944K [0x00000000e0000000, 0x0000000100000000, 0x0000000100000000)
  eden space 274944K, 98% used [0x00000000e0000000,0x00000000f09793d8,0x00000000f0c80000)
  from space 126464K, 22% used [0x00000000f8480000,0x00000000f9ff0f88,0x0000000100000000)
  to   space 122880K, 0% used [0x00000000f0c80000,0x00000000f0c80000,0x00000000f8480000)
 ParOldGen       total 256000K, used 99957K [0x00000000a0000000, 0x00000000afa00000, 0x00000000e0000000)
  object space 256000K, 39% used [0x00000000a0000000,0x00000000a619d700,0x00000000afa00000)
 Metaspace       used 152737K, capacity 160914K, committed 187432K, reserved 1210368K
  class space    used 19514K, capacity 21017K, committed 26152K, reserved 1048576K
Event: 21271.933 GC heap after
Heap after GC invocations=52 (full 7):
 PSYoungGen      total 292864K, used 17904K [0x00000000e0000000, 0x00000000ff980000, 0x0000000100000000)
  eden space 274944K, 0% used [0x00000000e0000000,0x00000000e0000000,0x00000000f0c80000)
  from space 17920K, 99% used [0x00000000f0c80000,0x00000000f1dfc3e0,0x00000000f1e00000)
  to   space 121344K, 0% used [0x00000000f8300000,0x00000000f8300000,0x00000000ff980000)
 ParOldGen       total 256000K, used 99957K [0x00000000a0000000, 0x00000000afa00000, 0x00000000e0000000)
  object space 256000K, 39% used [0x00000000a0000000,0x00000000a619d700,0x00000000afa00000)
 Metaspace       used 152737K, capacity 160914K, committed 187432K, reserved 1210368K
  class space    used 19514K, capacity 21017K, committed 26152K, reserved 1048576K
}
Event: 21429.797 GC heap before
{Heap before GC invocations=53 (full 7):
 PSYoungGen      total 292864K, used 292848K [0x00000000e0000000, 0x00000000ff980000, 0x0000000100000000)
  eden space 274944K, 100% used [0x00000000e0000000,0x00000000f0c80000,0x00000000f0c80000)
  from space 17920K, 99% used [0x00000000f0c80000,0x00000000f1dfc3e0,0x00000000f1e00000)
  to   space 121344K, 0% used [0x00000000f8300000,0x00000000f8300000,0x00000000ff980000)
 ParOldGen       total 256000K, used 99957K [0x00000000a0000000, 0x00000000afa00000, 0x00000000e0000000)
  object space 256000K, 39% used [0x00000000a0000000,0x00000000a619d700,0x00000000afa00000)
 Metaspace       used 153067K, capacity 161640K, committed 187432K, reserved 1210368K
  class space    used 19562K, capacity 21134K, committed 26152K, reserved 1048576K
Event: 21429.934 GC heap after
Heap after GC invocations=53 (full 7):
 PSYoungGen      total 400896K, used 29756K [0x00000000e0000000, 0x0000000100000000, 0x0000000100000000)
  eden space 279552K, 0% used [0x00000000e0000000,0x00000000e0000000,0x00000000f1100000)
  from space 121344K, 24% used [0x00000000f8300000,0x00000000fa00f0b0,0x00000000ff980000)
  to   space 116736K, 0% used [0x00000000f1100000,0x00000000f1100000,0x00000000f8300000)
 ParOldGen       total 256000K, used 102465K [0x00000000a0000000, 0x00000000afa00000, 0x00000000e0000000)
  object space 256000K, 40% used [0x00000000a0000000,0x00000000a6410410,0x00000000afa00000)
 Metaspace       used 153067K, capacity 161640K, committed 187432K, reserved 1210368K
  class space    used 19562K, capacity 21134K, committed 26152K, reserved 1048576K
}

Deoptimization events (10 events):
Event: 21270.160 Thread 0x00000000285ae000 Uncommon trap: reason=class_check action=maybe_recompile pc=0x00000000071bd330 method=com.android.tools.r8.dex.m.b()Lcom/android/tools/r8/dex/m$a; @ 1361
Event: 21270.166 Thread 0x00000000285ae000 Uncommon trap: reason=class_check action=maybe_recompile pc=0x00000000071bd330 method=com.android.tools.r8.dex.m.b()Lcom/android/tools/r8/dex/m$a; @ 1361
Event: 21430.014 Thread 0x000000001f245000 Uncommon trap: reason=null_check action=make_not_entrant pc=0x0000000007fdac88 method=com.android.ide.common.resources.NodeUtils.processSingleNodeNamespace(Lorg/w3c/dom/Node;Lorg/w3c/dom/Document;)Z @ 8
Event: 21438.606 Thread 0x000000001f245000 Uncommon trap: reason=class_check action=maybe_recompile pc=0x0000000004b4c5a8 method=org.gradle.api.internal.tasks.compile.incremental.deps.ClassSetAnalysisData.getDependents(Ljava/lang/String;)Lorg/gradle/api/internal/tasks/compile/incremental/deps/Depe
Event: 21438.613 Thread 0x000000001f245000 Uncommon trap: reason=class_check action=maybe_recompile pc=0x000000000843a754 method=org.objectweb.asm.ClassReader.accept(Lorg/objectweb/asm/ClassVisitor;[Lorg/objectweb/asm/Attribute;I)V @ 743
Event: 21439.623 Thread 0x000000001f245000 Uncommon trap: reason=array_check action=maybe_recompile pc=0x00000000081ba76c method=java.util.ComparableTimSort.mergeLo(IIII)V @ 133
Event: 21439.635 Thread 0x000000001f245000 Uncommon trap: reason=array_check action=maybe_recompile pc=0x00000000081ba76c method=java.util.ComparableTimSort.mergeLo(IIII)V @ 133
Event: 21439.900 Thread 0x000000001f245000 Uncommon trap: reason=unstable_if action=reinterpret pc=0x0000000004e4d2f0 method=com.sun.tools.javac.code.Type$ClassType.getTypeArguments()Lcom/sun/tools/javac/util/List; @ 15
Event: 21440.230 Thread 0x000000001a7aa800 Uncommon trap: reason=class_check action=maybe_recompile pc=0x0000000008404634 method=com.android.tools.r8.u.c.M.a(Lcom/android/tools/r8/u/b/g1;Lcom/android/tools/r8/u/b/j1;)V @ 29
Event: 21440.231 Thread 0x000000001a7aa800 Uncommon trap: reason=class_check action=maybe_recompile pc=0x0000000007066424 method=com.android.tools.r8.ir.analysis.type.j.a(Lcom/android/tools/r8/u/b/g1;Lcom/android/tools/r8/ir/analysis/type/k;)V @ 28

Classes redefined (0 events):
No events

Internal exceptions (10 events):
Event: 21428.203 Thread 0x00000000285a7800 Exception <a 'sun/nio/fs/WindowsException'> (0x00000000eabc5fc8) thrown at [D:\src\AOSP-openjdk-cygwin\jdk8u\hotspot\src\share\vm\prims\jni.cpp, line 710]
Event: 21430.014 Thread 0x000000001f245000 Implicit null exception at 0x0000000007fd443f to 0x0000000007fdac6d
Event: 21437.454 Thread 0x000000001f23f000 Exception <a 'sun/nio/fs/WindowsException'> (0x00000000e53c7950) thrown at [D:\src\AOSP-openjdk-cygwin\jdk8u\hotspot\src\share\vm\prims\jni.cpp, line 710]
Event: 21437.454 Thread 0x000000001f23f000 Exception <a 'sun/nio/fs/WindowsException'> (0x00000000e53c7df8) thrown at [D:\src\AOSP-openjdk-cygwin\jdk8u\hotspot\src\share\vm\prims\jni.cpp, line 710]
Event: 21440.205 Thread 0x000000001a7aa800 Exception <a 'sun/nio/fs/WindowsException'> (0x00000000eb59d478) thrown at [D:\src\AOSP-openjdk-cygwin\jdk8u\hotspot\src\share\vm\prims\jni.cpp, line 710]
Event: 21440.298 Thread 0x000000001a7aa800 Exception <a 'sun/nio/fs/WindowsException'> (0x00000000ec2bb7a8) thrown at [D:\src\AOSP-openjdk-cygwin\jdk8u\hotspot\src\share\vm\prims\jni.cpp, line 710]
Event: 21440.300 Thread 0x000000001a7aa800 Exception <a 'sun/nio/fs/WindowsException'> (0x00000000ec2c68c8) thrown at [D:\src\AOSP-openjdk-cygwin\jdk8u\hotspot\src\share\vm\prims\jni.cpp, line 710]
Event: 21440.303 Thread 0x000000001a7aa800 Exception <a 'sun/nio/fs/WindowsException'> (0x00000000ec2ce250) thrown at [D:\src\AOSP-openjdk-cygwin\jdk8u\hotspot\src\share\vm\prims\jni.cpp, line 710]
Event: 21440.309 Thread 0x000000001a7aa800 Exception <a 'sun/nio/fs/WindowsException'> (0x00000000ec2d5df8) thrown at [D:\src\AOSP-openjdk-cygwin\jdk8u\hotspot\src\share\vm\prims\jni.cpp, line 710]
Event: 21440.312 Thread 0x000000001a7aa800 Exception <a 'sun/nio/fs/WindowsException'> (0x00000000ec2dc000) thrown at [D:\src\AOSP-openjdk-cygwin\jdk8u\hotspot\src\share\vm\prims\jni.cpp, line 710]

Events (10 events):
Event: 21440.230 Thread 0x000000001a7aa800 DEOPT UNPACKING pc=0x00000000030a557b sp=0x00000000521dd2b0 mode 2
Event: 21440.231 Thread 0x000000001a7aa800 Uncommon trap: trap_request=0xffffffde fr.pc=0x0000000007066424
Event: 21440.231 Thread 0x000000001a7aa800 DEOPT PACKING pc=0x0000000007066424 sp=0x00000000521dd3c0
Event: 21440.231 Thread 0x000000001a7aa800 DEOPT UNPACKING pc=0x00000000030a557b sp=0x00000000521dd370 mode 2
Event: 21440.259 Thread 0x000000001f23f000 DEOPT PACKING pc=0x000000000820da14 sp=0x0000000051bdde70
Event: 21440.259 Thread 0x000000001f23f000 DEOPT UNPACKING pc=0x00000000030a75d0 sp=0x0000000051bddbd8 mode 0
Event: 21440.277 Thread 0x000000001f23f000 DEOPT PACKING pc=0x00000000082099cb sp=0x0000000051bdda80
Event: 21440.278 Thread 0x000000001f23f000 DEOPT UNPACKING pc=0x00000000030a75d0 sp=0x0000000051bdd7d8 mode 0
Event: 21440.297 Thread 0x000000001f23f000 DEOPT PACKING pc=0x000000000820da14 sp=0x0000000051bdde90
Event: 21440.297 Thread 0x000000001f23f000 DEOPT UNPACKING pc=0x00000000030a75d0 sp=0x0000000051bddbf8 mode 0


Dynamic libraries:
0x00007ff760a90000 - 0x00007ff760ac1000 	C:\Program Files\Android\Android Studio\jre\bin\java.exe
0x00007ffe3f310000 - 0x00007ffe3f4fd000 	C:\Windows\SYSTEM32\ntdll.dll
0x00007ffe3e920000 - 0x00007ffe3e9d3000 	C:\Windows\System32\KERNEL32.DLL
0x00007ffe3be50000 - 0x00007ffe3c0e3000 	C:\Windows\System32\KERNELBASE.dll
0x00007ffe3ca90000 - 0x00007ffe3cb33000 	C:\Windows\System32\ADVAPI32.dll
0x00007ffe3e6b0000 - 0x00007ffe3e74e000 	C:\Windows\System32\msvcrt.dll
0x00007ffe3c6d0000 - 0x00007ffe3c76e000 	C:\Windows\System32\sechost.dll
0x00007ffe3e7f0000 - 0x00007ffe3e912000 	C:\Windows\System32\RPCRT4.dll
0x00007ffe3c530000 - 0x00007ffe3c6c7000 	C:\Windows\System32\USER32.dll
0x00007ffe3bb20000 - 0x00007ffe3bb40000 	C:\Windows\System32\win32u.dll
0x00007ffe3c780000 - 0x00007ffe3c7a9000 	C:\Windows\System32\GDI32.dll
0x00007ffe3c310000 - 0x00007ffe3c4a9000 	C:\Windows\System32\gdi32full.dll
0x00007ffe3bbd0000 - 0x00007ffe3bc70000 	C:\Windows\System32\msvcp_win.dll
0x00007ffe3c160000 - 0x00007ffe3c25a000 	C:\Windows\System32\ucrtbase.dll
0x00007ffe2a930000 - 0x00007ffe2aba9000 	C:\Windows\WinSxS\amd64_microsoft.windows.common-controls_6595b64144ccf1df_6.0.17763.1039_none_de701650534c7021\COMCTL32.dll
0x00007ffe3efb0000 - 0x00007ffe3f2dc000 	C:\Windows\System32\combase.dll
0x00007ffe3c4b0000 - 0x00007ffe3c52e000 	C:\Windows\System32\bcryptPrimitives.dll
0x00007ffe3ebd0000 - 0x00007ffe3ebfe000 	C:\Windows\System32\IMM32.DLL
0x0000000053180000 - 0x0000000053252000 	C:\Program Files\Android\Android Studio\jre\jre\bin\msvcr100.dll
0x0000000053340000 - 0x0000000053b86000 	C:\Program Files\Android\Android Studio\jre\jre\bin\server\jvm.dll
0x00007ffe3d140000 - 0x00007ffe3d148000 	C:\Windows\System32\PSAPI.DLL
0x00007ffe34a90000 - 0x00007ffe34a99000 	C:\Windows\SYSTEM32\WSOCK32.dll
0x00007ffe3d070000 - 0x00007ffe3d0dd000 	C:\Windows\System32\WS2_32.dll
0x00007ffe37eb0000 - 0x00007ffe37ed4000 	C:\Windows\SYSTEM32\WINMM.dll
0x00007ffe34970000 - 0x00007ffe3497a000 	C:\Windows\SYSTEM32\VERSION.dll
0x00007ffe37e80000 - 0x00007ffe37ead000 	C:\Windows\SYSTEM32\WINMMBASE.dll
0x00007ffe3c110000 - 0x00007ffe3c15a000 	C:\Windows\System32\cfgmgr32.dll
0x00007ffe348a0000 - 0x00007ffe348af000 	C:\Program Files\Android\Android Studio\jre\jre\bin\verify.dll
0x00007ffe322a0000 - 0x00007ffe322c9000 	C:\Program Files\Android\Android Studio\jre\jre\bin\java.dll
0x00007ffe32280000 - 0x00007ffe32296000 	C:\Program Files\Android\Android Studio\jre\jre\bin\zip.dll
0x00007ffe3d1b0000 - 0x00007ffe3e6a4000 	C:\Windows\System32\SHELL32.dll
0x00007ffe3cfc0000 - 0x00007ffe3d068000 	C:\Windows\System32\shcore.dll
0x00007ffe3b3d0000 - 0x00007ffe3bb1d000 	C:\Windows\System32\windows.storage.dll
0x00007ffe3b3a0000 - 0x00007ffe3b3c4000 	C:\Windows\System32\profapi.dll
0x00007ffe3b340000 - 0x00007ffe3b39d000 	C:\Windows\System32\powrprof.dll
0x00007ffe3ed40000 - 0x00007ffe3ed92000 	C:\Windows\System32\shlwapi.dll
0x00007ffe3b320000 - 0x00007ffe3b331000 	C:\Windows\System32\kernel.appcore.dll
0x00007ffe3c0f0000 - 0x00007ffe3c107000 	C:\Windows\System32\cryptsp.dll
0x00007ffe11860000 - 0x00007ffe1187a000 	C:\Program Files\Android\Android Studio\jre\jre\bin\net.dll
0x00007ffe32890000 - 0x00007ffe32a68000 	C:\Windows\SYSTEM32\urlmon.dll
0x00007ffe2fa10000 - 0x00007ffe2fcb8000 	C:\Windows\SYSTEM32\iertutil.dll
0x00007ffe3ad40000 - 0x00007ffe3ad4c000 	C:\Windows\SYSTEM32\CRYPTBASE.DLL
0x00007ffe3ab70000 - 0x00007ffe3abd7000 	C:\Windows\system32\mswsock.dll
0x00007ffdfcbc0000 - 0x00007ffdfcbd3000 	C:\Program Files\Android\Android Studio\jre\jre\bin\nio.dll
0x00007ffe38fe0000 - 0x00007ffe39006000 	C:\Users\admin\.gradle\native\30\windows-amd64\native-platform.dll
0x00007ffe22cc0000 - 0x00007ffe22ccd000 	C:\Program Files\Android\Android Studio\jre\jre\bin\management.dll
0x00007ffe3a6f0000 - 0x00007ffe3a723000 	C:\Windows\system32\rsaenh.dll
0x00007ffe3bb40000 - 0x00007ffe3bb66000 	C:\Windows\System32\bcrypt.dll
0x00007ffe3b230000 - 0x00007ffe3b258000 	C:\Windows\SYSTEM32\USERENV.dll
0x00007ffe3a890000 - 0x00007ffe3a8cd000 	C:\Windows\SYSTEM32\IPHLPAPI.DLL
0x00007ffe3ed30000 - 0x00007ffe3ed38000 	C:\Windows\System32\NSI.dll
0x00007ffe32fd0000 - 0x00007ffe32fe6000 	C:\Windows\SYSTEM32\dhcpcsvc6.DLL
0x00007ffe32fb0000 - 0x00007ffe32fcc000 	C:\Windows\SYSTEM32\dhcpcsvc.DLL
0x00007ffe3a8d0000 - 0x00007ffe3a996000 	C:\Windows\SYSTEM32\DNSAPI.dll
0x00007ffde6f30000 - 0x00007ffde6f54000 	C:\Program Files\Android\Android Studio\jre\jre\bin\sunec.dll
0x00007ffe312f0000 - 0x00007ffe312fa000 	C:\Windows\System32\rasadhlp.dll
0x00007ffe330d0000 - 0x00007ffe33149000 	C:\Windows\System32\fwpuclnt.dll
0x00007ffe2f330000 - 0x00007ffe2f33b000 	C:\Program Files\Android\Android Studio\jre\jre\bin\sunmscapi.dll
0x00007ffe3bc70000 - 0x00007ffe3be4c000 	C:\Windows\System32\CRYPT32.dll
0x00007ffe3b300000 - 0x00007ffe3b312000 	C:\Windows\System32\MSASN1.dll
0x00007ffe3a370000 - 0x00007ffe3a3a1000 	C:\Windows\SYSTEM32\ntmarta.dll

VM Arguments:
jvm_args: -Xmx1536m -Dfile.encoding=windows-1252 -Duser.country=US -Duser.language=en -Duser.variant 
java_command: org.gradle.launcher.daemon.bootstrap.GradleDaemon 5.6.4
java_class_path (initial): C:\Users\admin\.gradle\wrapper\dists\gradle-5.6.4-all\ankdp27end7byghfw1q2sw75f\gradle-5.6.4\lib\gradle-launcher-5.6.4.jar
Launcher Type: SUN_STANDARD

Environment Variables:
PATH=C:\Program Files (x86)\Common Files\Oracle\Java\javapath;C:\Windows\system32;C:\Windows;C:\Windows\System32\Wbem;C:\Windows\System32\WindowsPowerShell\v1.0\;C:\Windows\System32\OpenSSH\;C:\Program Files (x86)\Intel\OpenCL SDK\2.0\bin\x86;C:\Program Files (x86)\Intel\OpenCL SDK\2.0\bin\x64;C:\Program Files\Java\jdk-12.0.2\bin;D:\allSoftwareFolders\Git\cmd;C:\Users\admin\AppData\Local\Programs\Python\Python37\Scripts\;C:\Users\admin\AppData\Local\Programs\Python\Python37\;"C:\Users\admin\AppData\Local\Microsoft\WindowsApps;C:\Program Files\Java\jdk-12.0.1\bin";C:\Users\admin\AppData\Local\Programs\Microsoft VS Code\bin;C:\Users\admin\AppData\Local\GitHubDesktop\bin;C:\Program Files\Java\jdk-12.0.2\bin;;D:\allSoftwareFolders\PhpStorm 2019.2\bin;
USERNAME=admin
OS=Windows_NT
PROCESSOR_IDENTIFIER=Intel64 Family 6 Model 42 Stepping 7, GenuineIntel



---------------  S Y S T E M  ---------------

OS: Windows 10.0 , 64 bit Build 17763 (10.0.17763.475)

CPU:total 4 (initial active 4) (2 cores per cpu, 2 threads per core) family 6 model 42 stepping 7, cmov, cx8, fxsr, mmx, sse, sse2, sse3, ssse3, sse4.1, sse4.2, popcnt, avx, aes, clmul, ht, tsc, tscinvbit

Memory: 4k page, physical 4072496k(622680k free), swap 7041948k(1620k free)

vm_info: OpenJDK 64-Bit Server VM (25.212-b04) for windows-amd64 JRE (1.8.0_212-release-1586-b04), built by "builder" with MS VC++ 10.0 (VS2010)

time: Tue Mar 10 01:14:22 2020
timezone: Pacific Daylight Time
elapsed time: 21440 seconds (0d 5h 57m 20s)

